<?xml version="1.0" encoding="UTF-8"?>
<!-- Generated by org.testng.reporters.JUnitXMLReporter -->
<testsuite ignored="1" hostname="DESKTOP-VAS59V1" failures="0" tests="2" name="Surefire test" time="6.736" errors="0" timestamp="02 Feb 2018 14:43:09 GMT">
  <testcase classname="com.selenium.template.tests.LoginPageTests" name="LoginPageTests_01" time="5.798"/>
  <testcase classname="com.selenium.template.tests.TestTheTest" name="Test_01" time="0.85"/>
  <testcase classname="com.selenium.template.DriverBase" name="@BeforeSuite instantiateDriverObject" time="0.0">
    <ignored/>
  </testcase> <!-- @BeforeSuite instantiateDriverObject -->
</testsuite> <!-- Surefire test -->
