<?xml version="1.0" encoding="UTF-8"?>
<testsuite xmlns:xsi="http://www.w3.org/2001/XMLSchema-instance" xsi:noNamespaceSchemaLocation="https://maven.apache.org/surefire/maven-surefire-plugin/xsd/surefire-test-report.xsd" name="TestSuite" time="7.177" tests="2" errors="0" skipped="0" failures="0">
  <properties>
[...]
</properties>
  <testcase name="LoginPageTests_01" classname="com.selenium.template.tests.LoginPageTests" time="5.799"/>
  <testcase name="Test_01" classname="com.selenium.template.tests.TestTheTest" time="0.849"/>
</testsuite>